<?xml version="1.0" encoding="UTF-8"?>
<testng-results skipped="0" failed="0" total="1" passed="1">
  <reporter-output>
  </reporter-output>
  <suite name="Default suite" duration-ms="15601" started-at="2018-10-16T09:32:50Z" finished-at="2018-10-16T09:33:05Z">
    <groups>
    </groups>
    <test name="Default test" duration-ms="15601" started-at="2018-10-16T09:32:50Z" finished-at="2018-10-16T09:33:05Z">
      <class name="com.crm.qa.testcases.LoginpageTest">
        <test-method status="PASS" signature="Setup()[pri:0, instance:com.crm.qa.testcases.LoginpageTest@457e2f02]" name="Setup" is-config="true" duration-ms="11211" started-at="2018-10-16T15:02:50Z" finished-at="2018-10-16T15:03:01Z">
          <reporter-output>
          </reporter-output>
        </test-method> <!-- Setup -->
        <test-method status="PASS" signature="loginTest()[pri:0, instance:com.crm.qa.testcases.LoginpageTest@457e2f02]" name="loginTest" duration-ms="3664" started-at="2018-10-16T15:03:01Z" finished-at="2018-10-16T15:03:05Z">
          <reporter-output>
          </reporter-output>
        </test-method> <!-- loginTest -->
        <test-method status="PASS" signature="teardown()[pri:0, instance:com.crm.qa.testcases.LoginpageTest@457e2f02]" name="teardown" is-config="true" duration-ms="700" started-at="2018-10-16T15:03:05Z" finished-at="2018-10-16T15:03:05Z">
          <reporter-output>
          </reporter-output>
        </test-method> <!-- teardown -->
      </class> <!-- com.crm.qa.testcases.LoginpageTest -->
    </test> <!-- Default test -->
  </suite> <!-- Default suite -->
</testng-results>
